

> @ecommerce/config@1.0.0 build /Users/romiafan/Code/e-commerce/nextjs-ecommerce-mvp/ecommerce-mvp/packages/config
> tsup

[34mCLI[39m Building entry: src/index.ts
[34mCLI[39m tsup v8.5.0
[34mCLI[39m Using tsup config: /Users/romiafan/Code/e-commerce/nextjs-ecommerce-mvp/ecommerce-mvp/packages/config/tsup.config.ts
[34mCLI[39m Target: node16
[34mCLI[39m Cleaning output folder
[34mCJS[39m Build start
[34mESM[39m Build start
[32mESM[39m [1mdist/index.mjs     [22m[32m5.93 KB[39m
[32mESM[39m [1mdist/index.mjs.map [22m[32m10.06 KB[39m
[32mESM[39m ⚡️ Build success in 13ms
[32mCJS[39m [1mdist/index.js     [22m[32m7.51 KB[39m
[32mCJS[39m [1mdist/index.js.map [22m[32m10.19 KB[39m
[32mCJS[39m ⚡️ Build success in 14ms
DTS Build start
DTS ⚡️ Build success in 933ms
DTS dist/index.d.ts  7.12 KB
DTS dist/index.d.mts 7.12 KB
