

> @ecommerce/database@1.0.0 build /Users/romiafan/Code/e-commerce/nextjs-ecommerce-mvp/ecommerce-mvp/packages/database
> tsup

[34mCLI[39m Building entry: src/index.ts
[34mCLI[39m tsup v8.5.0
[34mCLI[39m Using tsup config: /Users/romiafan/Code/e-commerce/nextjs-ecommerce-mvp/ecommerce-mvp/packages/database/tsup.config.ts
[34mCLI[39m Target: node16
[34mCLI[39m Cleaning output folder
[34mCJS[39m Build start
[34mESM[39m Build start
[32mESM[39m [1mdist/index.mjs     [22m[32m34.00 B[39m
[32mESM[39m [1mdist/index.mjs.map [22m[32m71.00 B[39m
[32mESM[39m ⚡️ Build success in 11ms
[32mCJS[39m [1mdist/index.js     [22m[32m777.00 B[39m
[32mCJS[39m [1mdist/index.js.map [22m[32m442.00 B[39m
[32mCJS[39m ⚡️ Build success in 11ms
DTS Build start
DTS ⚡️ Build success in 1177ms
DTS dist/index.d.ts  5.08 KB
DTS dist/index.d.mts 5.08 KB
