

> @ecommerce/ui@1.0.0 build /Users/romiafan/Code/e-commerce/nextjs-ecommerce-mvp/ecommerce-mvp/packages/ui
> tsup

[34mCLI[39m Building entry: src/index.ts
[34mCLI[39m Using tsconfig: tsconfig.json
[34mCLI[39m tsup v8.5.0
[34mCLI[39m Using tsup config: /Users/romiafan/Code/e-commerce/nextjs-ecommerce-mvp/ecommerce-mvp/packages/ui/tsup.config.ts
[34mCLI[39m Target: es2020
[34mCLI[39m Cleaning output folder
[34mCJS[39m Build start
[34mESM[39m Build start
[32mCJS[39m [1mdist/index.js     [22m[32m8.58 KB[39m
[32mCJS[39m [1mdist/index.js.map [22m[32m11.73 KB[39m
[32mCJS[39m ⚡️ Build success in 20ms
[32mESM[39m [1mdist/index.mjs     [22m[32m6.03 KB[39m
[32mESM[39m [1mdist/index.mjs.map [22m[32m11.69 KB[39m
[32mESM[39m ⚡️ Build success in 20ms
DTS Build start
DTS ⚡️ Build success in 1499ms
DTS dist/index.d.ts  2.59 KB
DTS dist/index.d.mts 2.59 KB
